[debug] [2026-02-12T06:43:28.518Z] ----------------------------------------------------------------------
[debug] [2026-02-12T06:43:28.520Z] Command:       C:\Program Files\nodejs\node.exe C:\Users\Administrator.DESKTOP-HJREAI3\AppData\Roaming\npm\node_modules\firebase-tools\lib\bin\firebase.js init
[debug] [2026-02-12T06:43:28.520Z] CLI Version:   15.5.1
[debug] [2026-02-12T06:43:28.521Z] Platform:      win32
[debug] [2026-02-12T06:43:28.521Z] Node Version:  v20.19.6
[debug] [2026-02-12T06:43:28.521Z] Time:          Thu Feb 12 2026 13:13:28 GMT+0630 (Myanmar Time)
[debug] [2026-02-12T06:43:28.521Z] ----------------------------------------------------------------------
[debug] 
[info] 
     ######## #### ########  ######## ########     ###     ######  ########
     ##        ##  ##     ## ##       ##     ##  ##   ##  ##       ##
     ######    ##  ########  ######   ########  #########  ######  ######
     ##        ##  ##    ##  ##       ##     ## ##     ##       ## ##
     ##       #### ##     ## ######## ########  ##     ##  ######  ########

You're about to initialize a Firebase project in this directory:

  D:\BEDA

Before we get started, keep in mind:

  * You are initializing within an existing Firebase project directory

[info] 
=== Project Setup
[info] 
[info] First, let's associate this project directory with a Firebase project.
[info] You can create multiple project aliases by running firebase use --add, 
[info] 
[debug] [2026-02-12T06:43:38.020Z] > command requires scopes: ["email","openid","https://www.googleapis.com/auth/cloudplatformprojects.readonly","https://www.googleapis.com/auth/firebase","https://www.googleapis.com/auth/cloud-platform"]
[debug] [2026-02-12T06:43:38.021Z] > authorizing via signed-in user (md@britiumexpress.com)
[debug] [2026-02-12T06:43:38.022Z] Checked if tokens are valid: true, expires at: 1770881193010
[debug] [2026-02-12T06:43:38.022Z] Checked if tokens are valid: true, expires at: 1770881193010
[debug] [2026-02-12T06:43:38.024Z] >>> [apiv2][query] GET https://firebase.googleapis.com/v1beta1/projects/core-813f5 [none]
[debug] [2026-02-12T06:43:38.570Z] <<< [apiv2][status] GET https://firebase.googleapis.com/v1beta1/projects/core-813f5 200
[debug] [2026-02-12T06:43:38.570Z] <<< [apiv2][body] GET https://firebase.googleapis.com/v1beta1/projects/core-813f5 {"projectId":"core-813f5","projectNumber":"945030609295","displayName":"core","name":"projects/core-813f5","resources":{"hostingSite":"core-813f5","realtimeDatabaseInstance":"core-813f5-default-rtdb"},"state":"ACTIVE","etag":"1_bffd0724-427d-47df-ac52-6885cf91ed2c"}
[info] i  Using project core-813f5 (core) . 
[info] 
=== Dataconnect Setup
[info] i  dataconnect: ensuring required API firebasedataconnect.googleapis.com is enabled... 
[info] i  dataconnect: ensuring required API sqladmin.googleapis.com is enabled... 
[debug] [2026-02-12T06:43:38.583Z] Checked if tokens are valid: true, expires at: 1770881193010
[debug] [2026-02-12T06:43:38.584Z] Checked if tokens are valid: true, expires at: 1770881193010
[debug] [2026-02-12T06:43:38.584Z] >>> [apiv2][query] GET https://firebasedataconnect.googleapis.com/v1/projects/core-813f5/locations/-/services [none]
[debug] [2026-02-12T06:43:40.337Z] <<< [apiv2][status] GET https://firebasedataconnect.googleapis.com/v1/projects/core-813f5/locations/-/services 200
[debug] [2026-02-12T06:43:40.337Z] <<< [apiv2][body] GET https://firebasedataconnect.googleapis.com/v1/projects/core-813f5/locations/-/services {}
[debug] [2026-02-12T06:43:47.113Z] Checked if tokens are valid: true, expires at: 1770881193010
[debug] [2026-02-12T06:43:47.113Z] Checked if tokens are valid: true, expires at: 1770881193010
[debug] [2026-02-12T06:43:47.113Z] >>> [apiv2][query] GET https://cloudbilling.googleapis.com/v1/projects/core-813f5/billingInfo [none]
[debug] [2026-02-12T06:43:48.584Z] <<< [apiv2][status] GET https://cloudbilling.googleapis.com/v1/projects/core-813f5/billingInfo 200
[debug] [2026-02-12T06:43:48.584Z] <<< [apiv2][body] GET https://cloudbilling.googleapis.com/v1/projects/core-813f5/billingInfo {"name":"projects/core-813f5/billingInfo","projectId":"core-813f5","billingAccountName":"billingAccounts/010750-C72CB5-075E06","billingEnabled":true}
[debug] [2026-02-12T06:43:48.585Z] Checked if tokens are valid: true, expires at: 1770881193010
[debug] [2026-02-12T06:43:48.585Z] Checked if tokens are valid: true, expires at: 1770881193010
[debug] [2026-02-12T06:43:48.586Z] >>> [apiv2][query] GET https://monitoring.googleapis.com/v3/projects/core-813f5/timeSeries/ filter=metric.type%3D%22serviceruntime.googleapis.com%2Fquota%2Fallocation%2Fusage%22+AND+metric.label.quota_metric+%3D+%22sqladmin.googleapis.com%2Ffdc_lifetime_free_trial_per_project%22&interval.endTime=2026-02-12T06%3A43%3A48.585Z&interval.startTime=2026-02-05T06%3A43%3A48.585Z
[debug] [2026-02-12T06:43:49.470Z] <<< [apiv2][status] GET https://monitoring.googleapis.com/v3/projects/core-813f5/timeSeries/ 200
[debug] [2026-02-12T06:43:49.470Z] <<< [apiv2][body] GET https://monitoring.googleapis.com/v3/projects/core-813f5/timeSeries/ {"unit":"1"}
[info] +  dataconnect: CloudSQL no cost trial available! 
[debug] [2026-02-12T06:43:49.471Z] Checked if tokens are valid: true, expires at: 1770881193010
[debug] [2026-02-12T06:43:49.472Z] Checked if tokens are valid: true, expires at: 1770881193010
[debug] [2026-02-12T06:43:49.472Z] >>> [apiv2][query] GET https://sqladmin.googleapis.com/v1/projects/core-813f5/instances [none]
[debug] [2026-02-12T06:43:50.382Z] <<< [apiv2][status] GET https://sqladmin.googleapis.com/v1/projects/core-813f5/instances 200
[debug] [2026-02-12T06:43:50.383Z] <<< [apiv2][body] GET https://sqladmin.googleapis.com/v1/projects/core-813f5/instances {}
[debug] [2026-02-12T06:43:50.384Z] Checked if tokens are valid: true, expires at: 1770881193010
[debug] [2026-02-12T06:43:50.384Z] Checked if tokens are valid: true, expires at: 1770881193010
[debug] [2026-02-12T06:43:50.384Z] >>> [apiv2][query] GET https://firebasedataconnect.googleapis.com/v1/projects/core-813f5/locations [none]
[debug] [2026-02-12T06:43:51.827Z] <<< [apiv2][status] GET https://firebasedataconnect.googleapis.com/v1/projects/core-813f5/locations 200
[debug] [2026-02-12T06:43:51.827Z] <<< [apiv2][body] GET https://firebasedataconnect.googleapis.com/v1/projects/core-813f5/locations {"locations":[{"name":"projects/core-813f5/locations/asia-east1","locationId":"asia-east1","displayName":"Taiwan"},{"name":"projects/core-813f5/locations/asia-east2","locationId":"asia-east2","displayName":"Hong Kong"},{"name":"projects/core-813f5/locations/asia-northeast1","locationId":"asia-northeast1","displayName":"Tokyo"},{"name":"projects/core-813f5/locations/asia-northeast2","locationId":"asia-northeast2","displayName":"Osaka"},{"name":"projects/core-813f5/locations/asia-northeast3","locationId":"asia-northeast3","displayName":"Seoul"},{"name":"projects/core-813f5/locations/asia-south1","locationId":"asia-south1","displayName":"Mumbai"},{"name":"projects/core-813f5/locations/asia-southeast1","locationId":"asia-southeast1","displayName":"Singapore"},{"name":"projects/core-813f5/locations/asia-southeast2","locationId":"asia-southeast2","displayName":"Jakarta"},{"name":"projects/core-813f5/locations/australia-southeast1","locationId":"australia-southeast1","displayName":"Sydney"},{"name":"projects/core-813f5/locations/australia-southeast2","locationId":"australia-southeast2","displayName":"Melbourne"},{"name":"projects/core-813f5/locations/europe-central2","locationId":"europe-central2","displayName":"Warsaw"},{"name":"projects/core-813f5/locations/europe-north1","locationId":"europe-north1","displayName":"Finland"},{"name":"projects/core-813f5/locations/europe-southwest1","locationId":"europe-southwest1","displayName":"Madrid"},{"name":"projects/core-813f5/locations/europe-west1","locationId":"europe-west1","displayName":"Belgium"},{"name":"projects/core-813f5/locations/europe-west2","locationId":"europe-west2","displayName":"London"},{"name":"projects/core-813f5/locations/europe-west3","locationId":"europe-west3","displayName":"Frankfurt"},{"name":"projects/core-813f5/locations/europe-west4","locationId":"europe-west4","displayName":"Netherlands"},{"name":"projects/core-813f5/locations/europe-west6","locationId":"europe-west6","displayName":"Zurich"},{"name":"projects/core-813f5/locations/europe-west8","locationId":"europe-west8","displayName":"Milan"},{"name":"projects/core-813f5/locations/europe-west9","locationId":"europe-west9","displayName":"Paris"},{"name":"projects/core-813f5/locations/me-west1","locationId":"me-west1","displayName":"Tel Aviv"},{"name":"projects/core-813f5/locations/northamerica-northeast1","locationId":"northamerica-northeast1","displayName":"Montréal"},{"name":"projects/core-813f5/locations/northamerica-northeast2","locationId":"northamerica-northeast2","displayName":"Toronto"},{"name":"projects/core-813f5/locations/southamerica-east1","locationId":"southamerica-east1","displayName":"São Paulo"},{"name":"projects/core-813f5/locations/southamerica-west1","locationId":"southamerica-west1","displayName":"Santiago"},{"name":"projects/core-813f5/locations/us-central1","locationId":"us-central1","displayName":"Iowa"},{"name":"projects/core-813f5/locations/us-east1","locationId":"us-east1","displayName":"South Carolina"},{"name":"projects/core-813f5/locations/us-east4","locationId":"us-east4","displayName":"Northern Virginia"},{"name":"projects/core-813f5/locations/us-south1","locationId":"us-south1","displayName":"Dallas"},{"name":"projects/core-813f5/locations/us-west1","locationId":"us-west1","displayName":"Oregon"},{"name":"projects/core-813f5/locations/us-west2","locationId":"us-west2","displayName":"Los Angeles"},{"name":"projects/core-813f5/locations/us-west3","locationId":"us-west3","displayName":"Salt Lake City"},{"name":"projects/core-813f5/locations/us-west4","locationId":"us-west4","displayName":"Las Vegas"}]}
[info] +  dataconnect: Detected existing apps . (web) 
[debug] [2026-02-12T06:43:54.506Z] Checked if tokens are valid: true, expires at: 1770881193010
[debug] [2026-02-12T06:43:54.506Z] Checked if tokens are valid: true, expires at: 1770881193010
[debug] [2026-02-12T06:43:54.506Z] >>> [apiv2][query] GET https://sqladmin.googleapis.com/v1/projects/core-813f5/instances/beda-fdc [none]
[debug] [2026-02-12T06:43:54.824Z] <<< [apiv2][status] GET https://sqladmin.googleapis.com/v1/projects/core-813f5/instances/beda-fdc 404
[debug] [2026-02-12T06:43:54.825Z] <<< [apiv2][body] GET https://sqladmin.googleapis.com/v1/projects/core-813f5/instances/beda-fdc {"error":{"code":404,"message":"The Cloud SQL instance does not exist.","errors":[{"message":"The Cloud SQL instance does not exist.","domain":"global","reason":"instanceDoesNotExist"}]}}
[debug] [2026-02-12T06:43:54.826Z] Checked if tokens are valid: true, expires at: 1770881193010
[debug] [2026-02-12T06:43:54.826Z] Checked if tokens are valid: true, expires at: 1770881193010
[debug] [2026-02-12T06:43:54.827Z] >>> [apiv2][query] GET https://monitoring.googleapis.com/v3/projects/core-813f5/timeSeries/ filter=metric.type%3D%22serviceruntime.googleapis.com%2Fquota%2Fallocation%2Fusage%22+AND+metric.label.quota_metric+%3D+%22sqladmin.googleapis.com%2Ffdc_lifetime_free_trial_per_project%22&interval.endTime=2026-02-12T06%3A43%3A54.826Z&interval.startTime=2026-02-05T06%3A43%3A54.826Z
[debug] [2026-02-12T06:43:56.066Z] <<< [apiv2][status] GET https://monitoring.googleapis.com/v3/projects/core-813f5/timeSeries/ 200
[debug] [2026-02-12T06:43:56.066Z] <<< [apiv2][body] GET https://monitoring.googleapis.com/v3/projects/core-813f5/timeSeries/ {"unit":"1"}
[debug] [2026-02-12T06:43:56.066Z] Checked if tokens are valid: true, expires at: 1770881193010
[debug] [2026-02-12T06:43:56.066Z] Checked if tokens are valid: true, expires at: 1770881193010
[debug] [2026-02-12T06:43:56.067Z] >>> [apiv2][query] POST https://sqladmin.googleapis.com/v1/projects/core-813f5/instances [none]
[debug] [2026-02-12T06:43:56.067Z] >>> [apiv2][body] POST https://sqladmin.googleapis.com/v1/projects/core-813f5/instances {"name":"beda-fdc","region":"us-east4","databaseVersion":"POSTGRES_17","settings":{"tier":"db-f1-micro","edition":"ENTERPRISE","ipConfiguration":{"authorizedNetworks":[]},"enableGoogleMlIntegration":false,"databaseFlags":[{"name":"cloudsql.iam_authentication","value":"on"}],"storageAutoResize":false,"userLabels":{"firebase-data-connect":"ft"},"insightsConfig":{"queryInsightsEnabled":true,"queryPlansPerMinute":5,"queryStringLength":1024}}}
[debug] [2026-02-12T06:43:58.585Z] <<< [apiv2][status] POST https://sqladmin.googleapis.com/v1/projects/core-813f5/instances 200
[debug] [2026-02-12T06:43:58.586Z] <<< [apiv2][body] POST https://sqladmin.googleapis.com/v1/projects/core-813f5/instances {"kind":"sql#operation","targetLink":"https://sqladmin.googleapis.com/v1/projects/core-813f5/instances/beda-fdc","status":"PENDING","user":"md@britiumexpress.com","insertTime":"2026-02-12T06:43:58.411Z","operationType":"CREATE","name":"2616807a-1cf6-44d4-876e-9d1c0000002c","targetId":"beda-fdc","selfLink":"https://sqladmin.googleapis.com/v1/projects/core-813f5/operations/2616807a-1cf6-44d4-876e-9d1c0000002c","targetProject":"core-813f5"}
[debug] [2026-02-12T06:43:58.586Z] Checked if tokens are valid: true, expires at: 1770881193010
[debug] [2026-02-12T06:43:58.586Z] Checked if tokens are valid: true, expires at: 1770881193010
[debug] [2026-02-12T06:43:58.586Z] >>> [apiv2][query] GET https://cloudbilling.googleapis.com/v1/projects/core-813f5/billingInfo [none]
[debug] [2026-02-12T06:44:00.031Z] <<< [apiv2][status] GET https://cloudbilling.googleapis.com/v1/projects/core-813f5/billingInfo 200
[debug] [2026-02-12T06:44:00.031Z] <<< [apiv2][body] GET https://cloudbilling.googleapis.com/v1/projects/core-813f5/billingInfo {"name":"projects/core-813f5/billingInfo","projectId":"core-813f5","billingAccountName":"billingAccounts/010750-C72CB5-075E06","billingEnabled":true}
[info] i  dataconnect: Cloud SQL Instance beda-fdc is being created.
This instance is provided under the terms of the Data Connect no-cost trial https://firebase.google.com/pricing

   Meanwhile, your data are saved in a temporary database and will be migrated once complete. 
   Monitor its progress at

	https://console.cloud.google.com/sql/instances/beda-fdc/overview?project=core-813f5
 
[debug] [2026-02-12T06:44:00.037Z] Checked if tokens are valid: true, expires at: 1770881193010
[debug] [2026-02-12T06:44:00.037Z] Checked if tokens are valid: true, expires at: 1770881193010
[debug] [2026-02-12T06:44:00.037Z] >>> [apiv2][query] GET https://firebasedataconnect.googleapis.com/v1/projects/core-813f5/locations/us-east4/services/beda/schemas pageSize=100&pageToken=&fields=schemas.name%2Cschemas.datasources%2Cschemas.source
[debug] [2026-02-12T06:44:01.574Z] <<< [apiv2][status] GET https://firebasedataconnect.googleapis.com/v1/projects/core-813f5/locations/us-east4/services/beda/schemas 404
[debug] [2026-02-12T06:44:01.574Z] <<< [apiv2][body] GET https://firebasedataconnect.googleapis.com/v1/projects/core-813f5/locations/us-east4/services/beda/schemas {"error":{"code":404,"message":"Resource 'services/beda' was not found","status":"NOT_FOUND","details":[{"@type":"type.googleapis.com/google.rpc.ResourceInfo","resourceName":"services/beda"}]}}
[info] +  Wrote dataconnect\dataconnect.yaml 
[info] +  Wrote dataconnect\seed_data.gql 
[info] +  Wrote dataconnect\schema\schema.gql 
[info] +  Wrote dataconnect\example\connector.yaml 
[info] +  Wrote dataconnect\example\queries.gql 
[info] +  Wrote dataconnect\example\mutations.gql 
[info] +  Wrote dataconnect\example\connector.yaml 
[info] i  dataconnect: Installing the generated SDKs ... 
[debug] [2026-02-12T06:44:01.618Z] defaultcredentials: writing to file C:\Users\Administrator.DESKTOP-HJREAI3\AppData\Roaming\firebase\md_britiumexpress_com_application_default_credentials.json
[info] +  dataconnect: Installed generated SDKs for . (web) 
[info] i  Visit https://firebase.google.com/docs/data-connect/web-sdk#react for more information on how to set up React Generated SDKs for Firebase Data Connect 
[info] 
=== Firestore Setup
[info] i  firestore: ensuring required API firestore.googleapis.com is enabled... 
[debug] [2026-02-12T06:44:06.872Z] Checked if tokens are valid: true, expires at: 1770881193010
[debug] [2026-02-12T06:44:06.872Z] Checked if tokens are valid: true, expires at: 1770881193010
[debug] [2026-02-12T06:44:06.872Z] >>> [apiv2][query] GET https://serviceusage.googleapis.com/v1/projects/core-813f5/services/firestore.googleapis.com [none]
[debug] [2026-02-12T06:44:06.872Z] >>> [apiv2][(partial)header] GET https://serviceusage.googleapis.com/v1/projects/core-813f5/services/firestore.googleapis.com  x-goog-user-project=core-813f5
[debug] [2026-02-12T06:44:08.440Z] <<< [apiv2][status] GET https://serviceusage.googleapis.com/v1/projects/core-813f5/services/firestore.googleapis.com 200
[debug] [2026-02-12T06:44:08.440Z] <<< [apiv2][body] GET https://serviceusage.googleapis.com/v1/projects/core-813f5/services/firestore.googleapis.com [omitted]
[info] +  firestore: required API firestore.googleapis.com is enabled 
[debug] [2026-02-12T06:44:08.446Z] Checked if tokens are valid: true, expires at: 1770881193010
[debug] [2026-02-12T06:44:08.446Z] Checked if tokens are valid: true, expires at: 1770881193010
[debug] [2026-02-12T06:44:08.447Z] >>> [apiv2][query] GET https://firestore.googleapis.com/v1/projects/core-813f5/databases [none]
[debug] [2026-02-12T06:44:09.143Z] <<< [apiv2][status] GET https://firestore.googleapis.com/v1/projects/core-813f5/databases 200
[debug] [2026-02-12T06:44:09.144Z] <<< [apiv2][body] GET https://firestore.googleapis.com/v1/projects/core-813f5/databases {"databases":[{"name":"projects/core-813f5/databases/fdcdb","uid":"6bbf208c-40c9-436a-804e-628dac4702a2","createTime":"2026-02-11T18:48:06.487910Z","updateTime":"2026-02-11T18:48:06.487910Z","locationId":"asia-southeast1","type":"FIRESTORE_NATIVE","concurrencyMode":"PESSIMISTIC","versionRetentionPeriod":"3600s","earliestVersionTime":"2026-02-12T05:44:09.093154Z","appEngineIntegrationMode":"DISABLED","pointInTimeRecoveryEnablement":"POINT_IN_TIME_RECOVERY_DISABLED","deleteProtectionState":"DELETE_PROTECTION_DISABLED","databaseEdition":"STANDARD","freeTier":true,"realtimeUpdatesMode":"REALTIME_UPDATES_MODE_ENABLED","etag":"IPPqrIat05IDMKyP75WN0pID"}]}
[info] 
[info] Firestore Security Rules allow you to define how and when to allow
[info] requests. You can keep these rules in your project directory
[info] and publish them with firebase deploy.
[info] 
[debug] [2026-02-12T06:44:09.149Z] Checked if tokens are valid: true, expires at: 1770881193010
[debug] [2026-02-12T06:44:09.149Z] Checked if tokens are valid: true, expires at: 1770881193010
[debug] [2026-02-12T06:44:09.149Z] >>> [apiv2][query] GET https://firebaserules.googleapis.com/v1/projects/core-813f5/releases pageSize=10&pageToken=
[debug] [2026-02-12T06:44:10.992Z] <<< [apiv2][status] GET https://firebaserules.googleapis.com/v1/projects/core-813f5/releases 200
[debug] [2026-02-12T06:44:10.992Z] <<< [apiv2][body] GET https://firebaserules.googleapis.com/v1/projects/core-813f5/releases {"releases":[{"name":"projects/core-813f5/releases/cloud.firestore/fdcdb","rulesetName":"projects/core-813f5/rulesets/30331926-9214-4197-8e65-5a9fdac94242","createTime":"2026-02-11T18:48:14.532610Z","updateTime":"2026-02-11T20:55:56.027438Z"}]}
[debug] [2026-02-12T06:44:10.993Z] Checked if tokens are valid: true, expires at: 1770881193010
[debug] [2026-02-12T06:44:10.993Z] Checked if tokens are valid: true, expires at: 1770881193010
[debug] [2026-02-12T06:44:10.993Z] >>> [apiv2][query] GET https://firebaserules.googleapis.com/v1/projects/core-813f5/rulesets/30331926-9214-4197-8e65-5a9fdac94242 [none]
[debug] [2026-02-12T06:44:12.255Z] <<< [apiv2][status] GET https://firebaserules.googleapis.com/v1/projects/core-813f5/rulesets/30331926-9214-4197-8e65-5a9fdac94242 200
[debug] [2026-02-12T06:44:12.255Z] <<< [apiv2][body] GET https://firebaserules.googleapis.com/v1/projects/core-813f5/rulesets/30331926-9214-4197-8e65-5a9fdac94242 [omitted]
[info] i  Downloaded the existing Firestore Security Rules from the Firebase console 
[info] i  Skipping write of firestore.rules 
[info] 
[info] Firestore indexes allow you to perform complex queries while
[info] maintaining performance that scales with the size of the result
[info] set. You can keep index definitions in your project directory
[info] and publish them with firebase deploy.
[info] 
[debug] [2026-02-12T06:44:30.490Z] Checked if tokens are valid: true, expires at: 1770881193010
[debug] [2026-02-12T06:44:30.490Z] Checked if tokens are valid: true, expires at: 1770881193010
[debug] [2026-02-12T06:44:30.490Z] Checked if tokens are valid: true, expires at: 1770881193010
[debug] [2026-02-12T06:44:30.490Z] Checked if tokens are valid: true, expires at: 1770881193010
[debug] [2026-02-12T06:44:30.490Z] >>> [apiv2][query] GET https://firestore.googleapis.com/v1/projects/core-813f5/databases/fdcdb/collectionGroups/-/indexes [none]
[debug] [2026-02-12T06:44:30.493Z] >>> [apiv2][query] GET https://firestore.googleapis.com/v1/projects/core-813f5/databases/fdcdb/collectionGroups/-/fields?filter=indexConfig.usesAncestorConfig=false OR ttlConfig:* [none]
[debug] [2026-02-12T06:44:30.725Z] <<< [apiv2][status] GET https://firestore.googleapis.com/v1/projects/core-813f5/databases/fdcdb/collectionGroups/-/indexes 200
[debug] [2026-02-12T06:44:30.725Z] <<< [apiv2][body] GET https://firestore.googleapis.com/v1/projects/core-813f5/databases/fdcdb/collectionGroups/-/indexes {"indexes":[{"name":"projects/core-813f5/databases/fdcdb/collectionGroups/orders/indexes/CICAgOjXh4EK","queryScope":"COLLECTION","fields":[{"fieldPath":"`customer Id`","order":"ASCENDING"},{"fieldPath":"`Create At`","order":"ASCENDING"},{"fieldPath":"__name__","order":"ASCENDING"}],"state":"READY","density":"SPARSE_ALL"}]}
[debug] [2026-02-12T06:44:30.750Z] <<< [apiv2][status] GET https://firestore.googleapis.com/v1/projects/core-813f5/databases/fdcdb/collectionGroups/-/fields?filter=indexConfig.usesAncestorConfig=false OR ttlConfig:* 200
[debug] [2026-02-12T06:44:30.751Z] <<< [apiv2][body] GET https://firestore.googleapis.com/v1/projects/core-813f5/databases/fdcdb/collectionGroups/-/fields?filter=indexConfig.usesAncestorConfig=false OR ttlConfig:* {"fields":[{"name":"projects/core-813f5/databases/fdcdb/collectionGroups/__default__/fields/*","indexConfig":{"indexes":[{"queryScope":"COLLECTION","fields":[{"fieldPath":"*","order":"ASCENDING"}],"state":"READY"},{"queryScope":"COLLECTION","fields":[{"fieldPath":"*","order":"DESCENDING"}],"state":"READY"},{"queryScope":"COLLECTION","fields":[{"fieldPath":"*","arrayConfig":"CONTAINS"}],"state":"READY"}]}}]}
[info] i  Downloaded the existing Firestore indexes from the Firebase console 
[info] i  Skipping write of firestore.indexes.json 
[info] 
=== Genkit Setup
[debug] [2026-02-12T06:44:43.378Z] > command requires scopes: ["email","openid","https://www.googleapis.com/auth/cloudplatformprojects.readonly","https://www.googleapis.com/auth/firebase","https://www.googleapis.com/auth/cloud-platform"]
[debug] [2026-02-12T06:44:43.379Z] > authorizing via signed-in user (md@britiumexpress.com)
[debug] [2026-02-12T06:44:43.379Z] [iam] checking project core-813f5 for permissions ["firebase.projects.get"]
[debug] [2026-02-12T06:44:43.379Z] Checked if tokens are valid: true, expires at: 1770881193010
[debug] [2026-02-12T06:44:43.379Z] Checked if tokens are valid: true, expires at: 1770881193010
[debug] [2026-02-12T06:44:43.379Z] >>> [apiv2][query] POST https://cloudresourcemanager.googleapis.com/v1/projects/core-813f5:testIamPermissions [none]
[debug] [2026-02-12T06:44:43.379Z] >>> [apiv2][(partial)header] POST https://cloudresourcemanager.googleapis.com/v1/projects/core-813f5:testIamPermissions  x-goog-user-project=core-813f5
[debug] [2026-02-12T06:44:43.379Z] >>> [apiv2][body] POST https://cloudresourcemanager.googleapis.com/v1/projects/core-813f5:testIamPermissions {"permissions":["firebase.projects.get"]}
[debug] [2026-02-12T06:44:44.528Z] <<< [apiv2][status] POST https://cloudresourcemanager.googleapis.com/v1/projects/core-813f5:testIamPermissions 200
[debug] [2026-02-12T06:44:44.528Z] <<< [apiv2][body] POST https://cloudresourcemanager.googleapis.com/v1/projects/core-813f5:testIamPermissions {"permissions":["firebase.projects.get"]}
[debug] [2026-02-12T06:44:44.528Z] Checked if tokens are valid: true, expires at: 1770881193010
[debug] [2026-02-12T06:44:44.528Z] Checked if tokens are valid: true, expires at: 1770881193010
[debug] [2026-02-12T06:44:44.529Z] Checked if tokens are valid: true, expires at: 1770881193010
[debug] [2026-02-12T06:44:44.529Z] Checked if tokens are valid: true, expires at: 1770881193010
[debug] [2026-02-12T06:44:44.529Z] >>> [apiv2][query] GET https://serviceusage.googleapis.com/v1/projects/core-813f5/services/cloudfunctions.googleapis.com [none]
[debug] [2026-02-12T06:44:44.529Z] >>> [apiv2][(partial)header] GET https://serviceusage.googleapis.com/v1/projects/core-813f5/services/cloudfunctions.googleapis.com  x-goog-user-project=core-813f5
[debug] [2026-02-12T06:44:44.531Z] >>> [apiv2][query] GET https://serviceusage.googleapis.com/v1/projects/core-813f5/services/runtimeconfig.googleapis.com [none]
[debug] [2026-02-12T06:44:44.531Z] >>> [apiv2][(partial)header] GET https://serviceusage.googleapis.com/v1/projects/core-813f5/services/runtimeconfig.googleapis.com  x-goog-user-project=core-813f5
[debug] [2026-02-12T06:44:45.951Z] <<< [apiv2][status] GET https://serviceusage.googleapis.com/v1/projects/core-813f5/services/cloudfunctions.googleapis.com 200
[debug] [2026-02-12T06:44:45.951Z] <<< [apiv2][body] GET https://serviceusage.googleapis.com/v1/projects/core-813f5/services/cloudfunctions.googleapis.com [omitted]
[debug] [2026-02-12T06:44:45.952Z] Checked if tokens are valid: true, expires at: 1770881193010
[debug] [2026-02-12T06:44:45.952Z] Checked if tokens are valid: true, expires at: 1770881193010
[debug] [2026-02-12T06:44:45.953Z] >>> [apiv2][query] POST https://serviceusage.googleapis.com/v1/projects/core-813f5/services/cloudfunctions.googleapis.com:enable [none]
[debug] [2026-02-12T06:44:45.953Z] >>> [apiv2][(partial)header] POST https://serviceusage.googleapis.com/v1/projects/core-813f5/services/cloudfunctions.googleapis.com:enable  x-goog-user-project=core-813f5
[debug] [2026-02-12T06:44:46.017Z] <<< [apiv2][status] GET https://serviceusage.googleapis.com/v1/projects/core-813f5/services/runtimeconfig.googleapis.com 200
[debug] [2026-02-12T06:44:46.018Z] <<< [apiv2][body] GET https://serviceusage.googleapis.com/v1/projects/core-813f5/services/runtimeconfig.googleapis.com [omitted]
[debug] [2026-02-12T06:44:47.391Z] <<< [apiv2][status] POST https://serviceusage.googleapis.com/v1/projects/core-813f5/services/cloudfunctions.googleapis.com:enable 200
[debug] [2026-02-12T06:44:47.391Z] <<< [apiv2][body] POST https://serviceusage.googleapis.com/v1/projects/core-813f5/services/cloudfunctions.googleapis.com:enable [omitted]
[info] Let's create a new codebase for your functions.
[info] A directory corresponding to the codebase will be created in your project
[info] with sample code pre-configured.

[info] See https://firebase.google.com/docs/functions/organize-functions for
[info] more information on organizing your functions using codebases.

[info] Functions can be deployed with firebase deploy.

[info] +  Wrote functions/package.json 
[info] +  Wrote functions/.eslintrc.js 
[info] +  Wrote functions/tsconfig.dev.json 
[info] +  Wrote functions/tsconfig.json 
[info] +  Wrote functions/src/index.ts 
[info] +  Wrote functions/.gitignore 
[info] 
[info] i  genkit: Installing Genkit CLI version 1.28.0
 
[info] i  genkit: Installing NPM packages for genkit 
[info] +  genkit: Successfully installed NPM packages 
[info] i  genkit: Updating tsconfig.json 
[info] +  genkit: Successfully updated tsconfig.json 
[info] i  genkit: Updating package.json 
[info] +  genkit: Successfully updated package.json 
[info] 
[info] 
Login to Google Cloud using:
[info]     gcloud auth application-default login --project core-813f5

[info] Then start the Genkit developer experience by running:
[info]     cd functions && npm run genkit:start
[info] 
=== Functions Setup
[debug] [2026-02-12T06:50:02.051Z] > command requires scopes: ["email","openid","https://www.googleapis.com/auth/cloudplatformprojects.readonly","https://www.googleapis.com/auth/firebase","https://www.googleapis.com/auth/cloud-platform"]
[debug] [2026-02-12T06:50:02.051Z] > authorizing via signed-in user (md@britiumexpress.com)
[debug] [2026-02-12T06:50:02.052Z] [iam] checking project core-813f5 for permissions ["firebase.projects.get"]
[debug] [2026-02-12T06:50:02.052Z] Checked if tokens are valid: true, expires at: 1770881193010
[debug] [2026-02-12T06:50:02.053Z] Checked if tokens are valid: true, expires at: 1770881193010
[debug] [2026-02-12T06:50:02.053Z] >>> [apiv2][query] POST https://cloudresourcemanager.googleapis.com/v1/projects/core-813f5:testIamPermissions [none]
[debug] [2026-02-12T06:50:02.054Z] >>> [apiv2][(partial)header] POST https://cloudresourcemanager.googleapis.com/v1/projects/core-813f5:testIamPermissions  x-goog-user-project=core-813f5
[debug] [2026-02-12T06:50:02.054Z] >>> [apiv2][body] POST https://cloudresourcemanager.googleapis.com/v1/projects/core-813f5:testIamPermissions {"permissions":["firebase.projects.get"]}
[debug] [2026-02-12T06:50:03.326Z] <<< [apiv2][status] POST https://cloudresourcemanager.googleapis.com/v1/projects/core-813f5:testIamPermissions 200
[debug] [2026-02-12T06:50:03.326Z] <<< [apiv2][body] POST https://cloudresourcemanager.googleapis.com/v1/projects/core-813f5:testIamPermissions {"permissions":["firebase.projects.get"]}
[info] 
Detected existing codebase(s): default

[info] Let's create a new codebase for your functions.
[info] A directory corresponding to the codebase will be created in your project
[info] with sample code pre-configured.

[info] See https://firebase.google.com/docs/functions/organize-functions for
[info] more information on organizing your functions using codebases.

[info] Functions can be deployed with firebase deploy.

[info] +  Wrote beda/package.json 
[info] +  Wrote beda/.eslintrc.js 
[info] +  Wrote beda/tsconfig.dev.json 
[info] +  Wrote beda/tsconfig.json 
[info] +  Wrote beda/src/index.ts 
[info] +  Wrote beda/.gitignore 
[info] 
=== App Hosting Setup
[debug] [2026-02-12T06:52:39.131Z] Checked if tokens are valid: true, expires at: 1770881193010
[debug] [2026-02-12T06:52:39.132Z] Checked if tokens are valid: true, expires at: 1770881193010
[debug] [2026-02-12T06:52:39.132Z] >>> [apiv2][query] GET https://serviceusage.googleapis.com/v1/projects/core-813f5/services/firebaseapphosting.googleapis.com [none]
[debug] [2026-02-12T06:52:39.132Z] >>> [apiv2][(partial)header] GET https://serviceusage.googleapis.com/v1/projects/core-813f5/services/firebaseapphosting.googleapis.com  x-goog-user-project=core-813f5
[debug] [2026-02-12T06:52:40.665Z] <<< [apiv2][status] GET https://serviceusage.googleapis.com/v1/projects/core-813f5/services/firebaseapphosting.googleapis.com 200
[debug] [2026-02-12T06:52:40.665Z] <<< [apiv2][body] GET https://serviceusage.googleapis.com/v1/projects/core-813f5/services/firebaseapphosting.googleapis.com [omitted]
[debug] [2026-02-12T06:52:40.678Z] Checked if tokens are valid: true, expires at: 1770881193010
[debug] [2026-02-12T06:52:40.678Z] Checked if tokens are valid: true, expires at: 1770881193010
[debug] [2026-02-12T06:52:40.679Z] Checked if tokens are valid: true, expires at: 1770881193010
[debug] [2026-02-12T06:52:40.679Z] Checked if tokens are valid: true, expires at: 1770881193010
[debug] [2026-02-12T06:52:40.680Z] Checked if tokens are valid: true, expires at: 1770881193010
[debug] [2026-02-12T06:52:40.680Z] Checked if tokens are valid: true, expires at: 1770881193010
[debug] [2026-02-12T06:52:40.681Z] Checked if tokens are valid: true, expires at: 1770881193010
[debug] [2026-02-12T06:52:40.681Z] Checked if tokens are valid: true, expires at: 1770881193010
[debug] [2026-02-12T06:52:40.683Z] Checked if tokens are valid: true, expires at: 1770881193010
[debug] [2026-02-12T06:52:40.684Z] Checked if tokens are valid: true, expires at: 1770881193010
[debug] [2026-02-12T06:52:40.684Z] Checked if tokens are valid: true, expires at: 1770881193010
[debug] [2026-02-12T06:52:40.684Z] Checked if tokens are valid: true, expires at: 1770881193010
[debug] [2026-02-12T06:52:40.685Z] >>> [apiv2][query] GET https://serviceusage.googleapis.com/v1/projects/core-813f5/services/developerconnect.googleapis.com [none]
[debug] [2026-02-12T06:52:40.685Z] >>> [apiv2][(partial)header] GET https://serviceusage.googleapis.com/v1/projects/core-813f5/services/developerconnect.googleapis.com  x-goog-user-project=core-813f5
[debug] [2026-02-12T06:52:40.685Z] >>> [apiv2][query] GET https://serviceusage.googleapis.com/v1/projects/core-813f5/services/cloudbuild.googleapis.com [none]
[debug] [2026-02-12T06:52:40.686Z] >>> [apiv2][(partial)header] GET https://serviceusage.googleapis.com/v1/projects/core-813f5/services/cloudbuild.googleapis.com  x-goog-user-project=core-813f5
[debug] [2026-02-12T06:52:40.689Z] >>> [apiv2][query] GET https://serviceusage.googleapis.com/v1/projects/core-813f5/services/secretmanager.googleapis.com [none]
[debug] [2026-02-12T06:52:40.689Z] >>> [apiv2][(partial)header] GET https://serviceusage.googleapis.com/v1/projects/core-813f5/services/secretmanager.googleapis.com  x-goog-user-project=core-813f5
[debug] [2026-02-12T06:52:40.692Z] >>> [apiv2][query] GET https://serviceusage.googleapis.com/v1/projects/core-813f5/services/run.googleapis.com [none]
[debug] [2026-02-12T06:52:40.693Z] >>> [apiv2][(partial)header] GET https://serviceusage.googleapis.com/v1/projects/core-813f5/services/run.googleapis.com  x-goog-user-project=core-813f5
[debug] [2026-02-12T06:52:40.697Z] >>> [apiv2][query] GET https://serviceusage.googleapis.com/v1/projects/core-813f5/services/artifactregistry.googleapis.com [none]
[debug] [2026-02-12T06:52:40.697Z] >>> [apiv2][(partial)header] GET https://serviceusage.googleapis.com/v1/projects/core-813f5/services/artifactregistry.googleapis.com  x-goog-user-project=core-813f5
[debug] [2026-02-12T06:52:40.701Z] >>> [apiv2][query] GET https://serviceusage.googleapis.com/v1/projects/core-813f5/services/iam.googleapis.com [none]
[debug] [2026-02-12T06:52:40.702Z] >>> [apiv2][(partial)header] GET https://serviceusage.googleapis.com/v1/projects/core-813f5/services/iam.googleapis.com  x-goog-user-project=core-813f5
[debug] [2026-02-12T06:52:42.072Z] <<< [apiv2][status] GET https://serviceusage.googleapis.com/v1/projects/core-813f5/services/developerconnect.googleapis.com 200
[debug] [2026-02-12T06:52:42.072Z] <<< [apiv2][body] GET https://serviceusage.googleapis.com/v1/projects/core-813f5/services/developerconnect.googleapis.com [omitted]
[debug] [2026-02-12T06:52:42.145Z] <<< [apiv2][status] GET https://serviceusage.googleapis.com/v1/projects/core-813f5/services/iam.googleapis.com 200
[debug] [2026-02-12T06:52:42.145Z] <<< [apiv2][body] GET https://serviceusage.googleapis.com/v1/projects/core-813f5/services/iam.googleapis.com [omitted]
[debug] [2026-02-12T06:52:42.156Z] <<< [apiv2][status] GET https://serviceusage.googleapis.com/v1/projects/core-813f5/services/secretmanager.googleapis.com 200
[debug] [2026-02-12T06:52:42.156Z] <<< [apiv2][body] GET https://serviceusage.googleapis.com/v1/projects/core-813f5/services/secretmanager.googleapis.com [omitted]
[debug] [2026-02-12T06:52:42.161Z] <<< [apiv2][status] GET https://serviceusage.googleapis.com/v1/projects/core-813f5/services/run.googleapis.com 200
[debug] [2026-02-12T06:52:42.161Z] <<< [apiv2][body] GET https://serviceusage.googleapis.com/v1/projects/core-813f5/services/run.googleapis.com [omitted]
[debug] [2026-02-12T06:52:42.166Z] <<< [apiv2][status] GET https://serviceusage.googleapis.com/v1/projects/core-813f5/services/artifactregistry.googleapis.com 200
[debug] [2026-02-12T06:52:42.166Z] <<< [apiv2][body] GET https://serviceusage.googleapis.com/v1/projects/core-813f5/services/artifactregistry.googleapis.com [omitted]
[debug] [2026-02-12T06:52:42.172Z] <<< [apiv2][status] GET https://serviceusage.googleapis.com/v1/projects/core-813f5/services/cloudbuild.googleapis.com 200
[debug] [2026-02-12T06:52:42.172Z] <<< [apiv2][body] GET https://serviceusage.googleapis.com/v1/projects/core-813f5/services/cloudbuild.googleapis.com [omitted]
[debug] [2026-02-12T06:52:42.179Z] Checked if tokens are valid: true, expires at: 1770881193010
[debug] [2026-02-12T06:52:42.179Z] Checked if tokens are valid: true, expires at: 1770881193010
[debug] [2026-02-12T06:52:42.180Z] >>> [apiv2][query] POST https://iam.googleapis.com/v1/projects/core-813f5/serviceAccounts/firebase-app-hosting-compute@core-813f5.iam.gserviceaccount.com:testIamPermissions [none]
[debug] [2026-02-12T06:52:42.180Z] >>> [apiv2][(partial)header] POST https://iam.googleapis.com/v1/projects/core-813f5/serviceAccounts/firebase-app-hosting-compute@core-813f5.iam.gserviceaccount.com:testIamPermissions  x-goog-user-project=core-813f5
[debug] [2026-02-12T06:52:42.180Z] >>> [apiv2][body] POST https://iam.googleapis.com/v1/projects/core-813f5/serviceAccounts/firebase-app-hosting-compute@core-813f5.iam.gserviceaccount.com:testIamPermissions {"permissions":["iam.serviceAccounts.actAs"]}
[debug] [2026-02-12T06:52:43.672Z] <<< [apiv2][status] POST https://iam.googleapis.com/v1/projects/core-813f5/serviceAccounts/firebase-app-hosting-compute@core-813f5.iam.gserviceaccount.com:testIamPermissions 200
[debug] [2026-02-12T06:52:43.672Z] <<< [apiv2][body] POST https://iam.googleapis.com/v1/projects/core-813f5/serviceAccounts/firebase-app-hosting-compute@core-813f5.iam.gserviceaccount.com:testIamPermissions {"permissions":["iam.serviceAccounts.actAs"]}
[debug] [2026-02-12T06:52:43.673Z] Checked if tokens are valid: true, expires at: 1770881193010
[debug] [2026-02-12T06:52:43.674Z] Checked if tokens are valid: true, expires at: 1770881193010
[debug] [2026-02-12T06:52:43.674Z] >>> [apiv2][query] POST https://iam.googleapis.com/v1/projects/core-813f5/serviceAccounts [none]
[debug] [2026-02-12T06:52:43.674Z] >>> [apiv2][body] POST https://iam.googleapis.com/v1/projects/core-813f5/serviceAccounts {"accountId":"firebase-app-hosting-compute","serviceAccount":{"displayName":"Firebase App Hosting compute service account","description":"Default service account used to run builds and deploys for Firebase App Hosting"}}
[debug] [2026-02-12T06:52:44.160Z] <<< [apiv2][status] POST https://iam.googleapis.com/v1/projects/core-813f5/serviceAccounts 409
[debug] [2026-02-12T06:52:44.160Z] <<< [apiv2][body] POST https://iam.googleapis.com/v1/projects/core-813f5/serviceAccounts [omitted]
[debug] [2026-02-12T06:52:44.163Z] Checked if tokens are valid: true, expires at: 1770881193010
[debug] [2026-02-12T06:52:44.163Z] Checked if tokens are valid: true, expires at: 1770881193010
[debug] [2026-02-12T06:52:44.164Z] >>> [apiv2][query] POST https://cloudresourcemanager.googleapis.com/v1/projects/core-813f5:getIamPolicy [none]
[debug] [2026-02-12T06:52:45.492Z] <<< [apiv2][status] POST https://cloudresourcemanager.googleapis.com/v1/projects/core-813f5:getIamPolicy 200
[debug] [2026-02-12T06:52:45.493Z] <<< [apiv2][body] POST https://cloudresourcemanager.googleapis.com/v1/projects/core-813f5:getIamPolicy {"version":1,"etag":"BwZKmtNEGMY=","bindings":[{"role":"roles/artifactregistry.serviceAgent","members":["serviceAccount:service-945030609295@gcp-sa-artifactregistry.iam.gserviceaccount.com"]},{"role":"roles/cloudbuild.builds.builder","members":["serviceAccount:945030609295@cloudbuild.gserviceaccount.com"]},{"role":"roles/cloudbuild.serviceAgent","members":["serviceAccount:service-945030609295@gcp-sa-cloudbuild.iam.gserviceaccount.com"]},{"role":"roles/cloudfunctions.serviceAgent","members":["serviceAccount:service-945030609295@gcf-admin-robot.iam.gserviceaccount.com"]},{"role":"roles/containerregistry.ServiceAgent","members":["serviceAccount:service-945030609295@containerregistry.iam.gserviceaccount.com"]},{"role":"roles/developerconnect.readTokenAccessor","members":["serviceAccount:firebase-app-hosting-compute@core-813f5.iam.gserviceaccount.com"]},{"role":"roles/developerconnect.serviceAgent","members":["serviceAccount:service-945030609295@gcp-sa-devconnect.iam.gserviceaccount.com"]},{"role":"roles/editor","members":["serviceAccount:945030609295-compute@developer.gserviceaccount.com","serviceAccount:core-813f5@appspot.gserviceaccount.com"]},{"role":"roles/firebase.managementServiceAgent","members":["serviceAccount:service-945030609295@gcp-sa-firebase.iam.gserviceaccount.com"]},{"role":"roles/firebase.sdkAdminServiceAgent","members":["serviceAccount:firebase-adminsdk-fbsvc@core-813f5.iam.gserviceaccount.com","serviceAccount:firebase-app-hosting-compute@core-813f5.iam.gserviceaccount.com"]},{"role":"roles/firebaseapphosting.computeRunner","members":["serviceAccount:firebase-app-hosting-compute@core-813f5.iam.gserviceaccount.com"]},{"role":"roles/firebaseapphosting.serviceAgent","members":["serviceAccount:service-945030609295@gcp-sa-firebaseapphosting.iam.gserviceaccount.com"]},{"role":"roles/firebasedatabase.admin","members":["serviceAccount:firebase-adminsdk-fbsvc@core-813f5.iam.gserviceaccount.com"]},{"role":"roles/firebaserules.system","members":["serviceAccount:service-945030609295@firebase-rules.iam.gserviceaccount.com"]},{"role":"roles/firestore.serviceAgent","members":["serviceAccount:service-945030609295@gcp-sa-firestore.iam.gserviceaccount.com"]},{"role":"roles/iam.serviceAccountTokenCreator","members":["serviceAccount:firebase-adminsdk-fbsvc@core-813f5.iam.gserviceaccount.com"]},{"role":"roles/owner","members":["user:md@britiumexpress.com"]},{"role":"roles/run.serviceAgent","members":["serviceAccount:service-945030609295@serverless-robot-prod.iam.gserviceaccount.com"]},{"role":"roles/secretmanager.admin_withcond_955168d6df18ec61a4dd","members":["serviceAccount:service-945030609295@gcp-sa-devconnect.iam.gserviceaccount.com"]}]}
[debug] [2026-02-12T06:52:45.495Z] Checked if tokens are valid: true, expires at: 1770881193010
[debug] [2026-02-12T06:52:45.495Z] Checked if tokens are valid: true, expires at: 1770881193010
[debug] [2026-02-12T06:52:45.495Z] >>> [apiv2][query] POST https://cloudresourcemanager.googleapis.com/v1/projects/core-813f5:setIamPolicy [none]
[debug] [2026-02-12T06:52:45.495Z] >>> [apiv2][body] POST https://cloudresourcemanager.googleapis.com/v1/projects/core-813f5:setIamPolicy {"policy":{"version":1,"etag":"BwZKmtNEGMY=","bindings":[{"role":"roles/artifactregistry.serviceAgent","members":["serviceAccount:service-945030609295@gcp-sa-artifactregistry.iam.gserviceaccount.com"]},{"role":"roles/cloudbuild.builds.builder","members":["serviceAccount:945030609295@cloudbuild.gserviceaccount.com"]},{"role":"roles/cloudbuild.serviceAgent","members":["serviceAccount:service-945030609295@gcp-sa-cloudbuild.iam.gserviceaccount.com"]},{"role":"roles/cloudfunctions.serviceAgent","members":["serviceAccount:service-945030609295@gcf-admin-robot.iam.gserviceaccount.com"]},{"role":"roles/containerregistry.ServiceAgent","members":["serviceAccount:service-945030609295@containerregistry.iam.gserviceaccount.com"]},{"role":"roles/developerconnect.readTokenAccessor","members":["serviceAccount:firebase-app-hosting-compute@core-813f5.iam.gserviceaccount.com"]},{"role":"roles/developerconnect.serviceAgent","members":["serviceAccount:service-945030609295@gcp-sa-devconnect.iam.gserviceaccount.com"]},{"role":"roles/editor","members":["serviceAccount:945030609295-compute@developer.gserviceaccount.com","serviceAccount:core-813f5@appspot.gserviceaccount.com"]},{"role":"roles/firebase.managementServiceAgent","members":["serviceAccount:service-945030609295@gcp-sa-firebase.iam.gserviceaccount.com"]},{"role":"roles/firebase.sdkAdminServiceAgent","members":["serviceAccount:firebase-adminsdk-fbsvc@core-813f5.iam.gserviceaccount.com","serviceAccount:firebase-app-hosting-compute@core-813f5.iam.gserviceaccount.com"]},{"role":"roles/firebaseapphosting.computeRunner","members":["serviceAccount:firebase-app-hosting-compute@core-813f5.iam.gserviceaccount.com"]},{"role":"roles/firebaseapphosting.serviceAgent","members":["serviceAccount:service-945030609295@gcp-sa-firebaseapphosting.iam.gserviceaccount.com"]},{"role":"roles/firebasedatabase.admin","members":["serviceAccount:firebase-adminsdk-fbsvc@core-813f5.iam.gserviceaccount.com"]},{"role":"roles/firebaserules.system","members":["serviceAccount:service-945030609295@firebase-rules.iam.gserviceaccount.com"]},{"role":"roles/firestore.serviceAgent","members":["serviceAccount:service-945030609295@gcp-sa-firestore.iam.gserviceaccount.com"]},{"role":"roles/iam.serviceAccountTokenCreator","members":["serviceAccount:firebase-adminsdk-fbsvc@core-813f5.iam.gserviceaccount.com"]},{"role":"roles/owner","members":["user:md@britiumexpress.com"]},{"role":"roles/run.serviceAgent","members":["serviceAccount:service-945030609295@serverless-robot-prod.iam.gserviceaccount.com"]},{"role":"roles/secretmanager.admin_withcond_955168d6df18ec61a4dd","members":["serviceAccount:service-945030609295@gcp-sa-devconnect.iam.gserviceaccount.com"]},{"role":"roles/storage.objectViewer","members":["serviceAccount:firebase-app-hosting-compute@core-813f5.iam.gserviceaccount.com"]}]},"updateMask":"bindings"}
[debug] [2026-02-12T06:52:46.666Z] <<< [apiv2][status] POST https://cloudresourcemanager.googleapis.com/v1/projects/core-813f5:setIamPolicy 200
[debug] [2026-02-12T06:52:46.667Z] <<< [apiv2][body] POST https://cloudresourcemanager.googleapis.com/v1/projects/core-813f5:setIamPolicy {"version":1,"etag":"BwZKmu+o4mk=","bindings":[{"role":"roles/artifactregistry.serviceAgent","members":["serviceAccount:service-945030609295@gcp-sa-artifactregistry.iam.gserviceaccount.com"]},{"role":"roles/cloudbuild.builds.builder","members":["serviceAccount:945030609295@cloudbuild.gserviceaccount.com"]},{"role":"roles/cloudbuild.serviceAgent","members":["serviceAccount:service-945030609295@gcp-sa-cloudbuild.iam.gserviceaccount.com"]},{"role":"roles/cloudfunctions.serviceAgent","members":["serviceAccount:service-945030609295@gcf-admin-robot.iam.gserviceaccount.com"]},{"role":"roles/containerregistry.ServiceAgent","members":["serviceAccount:service-945030609295@containerregistry.iam.gserviceaccount.com"]},{"role":"roles/developerconnect.readTokenAccessor","members":["serviceAccount:firebase-app-hosting-compute@core-813f5.iam.gserviceaccount.com"]},{"role":"roles/developerconnect.serviceAgent","members":["serviceAccount:service-945030609295@gcp-sa-devconnect.iam.gserviceaccount.com"]},{"role":"roles/editor","members":["serviceAccount:945030609295-compute@developer.gserviceaccount.com","serviceAccount:core-813f5@appspot.gserviceaccount.com"]},{"role":"roles/firebase.managementServiceAgent","members":["serviceAccount:service-945030609295@gcp-sa-firebase.iam.gserviceaccount.com"]},{"role":"roles/firebase.sdkAdminServiceAgent","members":["serviceAccount:firebase-adminsdk-fbsvc@core-813f5.iam.gserviceaccount.com","serviceAccount:firebase-app-hosting-compute@core-813f5.iam.gserviceaccount.com"]},{"role":"roles/firebaseapphosting.computeRunner","members":["serviceAccount:firebase-app-hosting-compute@core-813f5.iam.gserviceaccount.com"]},{"role":"roles/firebaseapphosting.serviceAgent","members":["serviceAccount:service-945030609295@gcp-sa-firebaseapphosting.iam.gserviceaccount.com"]},{"role":"roles/firebasedatabase.admin","members":["serviceAccount:firebase-adminsdk-fbsvc@core-813f5.iam.gserviceaccount.com"]},{"role":"roles/firebaserules.system","members":["serviceAccount:service-945030609295@firebase-rules.iam.gserviceaccount.com"]},{"role":"roles/firestore.serviceAgent","members":["serviceAccount:service-945030609295@gcp-sa-firestore.iam.gserviceaccount.com"]},{"role":"roles/iam.serviceAccountTokenCreator","members":["serviceAccount:firebase-adminsdk-fbsvc@core-813f5.iam.gserviceaccount.com"]},{"role":"roles/owner","members":["user:md@britiumexpress.com"]},{"role":"roles/run.serviceAgent","members":["serviceAccount:service-945030609295@serverless-robot-prod.iam.gserviceaccount.com"]},{"role":"roles/secretmanager.admin_withcond_955168d6df18ec61a4dd","members":["serviceAccount:service-945030609295@gcp-sa-devconnect.iam.gserviceaccount.com"]},{"role":"roles/storage.objectViewer","members":["serviceAccount:firebase-app-hosting-compute@core-813f5.iam.gserviceaccount.com"]}]}
[info] i  This command links your local project to Firebase App Hosting. You will be able to deploy your web app with `firebase deploy` after setup. 
[debug] [2026-02-12T07:03:49.465Z] Checked if tokens are valid: true, expires at: 1770881193010
[debug] [2026-02-12T07:03:49.466Z] Checked if tokens are valid: true, expires at: 1770881193010
[debug] [2026-02-12T07:03:49.471Z] >>> [apiv2][query] GET https://firebaseapphosting.googleapis.com/v1beta/projects/core-813f5/locations/-/backends 
[debug] [2026-02-12T07:03:51.225Z] <<< [apiv2][status] GET https://firebaseapphosting.googleapis.com/v1beta/projects/core-813f5/locations/-/backends 200
[debug] [2026-02-12T07:03:51.226Z] <<< [apiv2][body] GET https://firebaseapphosting.googleapis.com/v1beta/projects/core-813f5/locations/-/backends {"backends":[{"name":"projects/core-813f5/locations/asia-southeast1/backends/core1","createTime":"2026-02-11T18:32:42.491740150Z","updateTime":"2026-02-11T18:32:45.338232Z","uri":"core1--core-813f5.asia-southeast1.hosted.app","managedResources":[{"runService":{"service":"projects/945030609295/locations/asia-southeast1/services/core1"}}],"codebase":{"repository":"projects/core-813f5/locations/asia-southeast1/connections/apphosting-github-conn-m12pkkt/gitRepositoryLinks/KyawWannaBL-core1","rootDirectory":"/"},"uid":"1c82f96f-d5e2-40fc-becc-79ca2fe9cc11","etag":"Z1c4nQTXjBF05ZkH4gxIPAwPGQySsPVeirUVi7XU-GE","reconciling":false,"servingLocality":"GLOBAL_ACCESS","serviceAccount":"firebase-app-hosting-compute@core-813f5.iam.gserviceaccount.com","appId":"1:945030609295:web:fd1117fa7ade8c7dd933fa"}]}
[info] i  === Deploy local source setup 
[info] +  Wrote configuration info to firebase.json 
[info] i  Writing default settings to apphosting.yaml... 
[info] +  Wrote D:\BEDA\apphosting.yaml 
[info] +  Firebase initialization complete! 
[info] 
=== Hosting Setup
[debug] [2026-02-12T07:03:57.126Z] Checked if tokens are valid: true, expires at: 1770881193010
[debug] [2026-02-12T07:03:57.126Z] Checked if tokens are valid: true, expires at: 1770881193010
[debug] [2026-02-12T07:03:57.127Z] >>> [apiv2][query] GET https://firebase.googleapis.com/v1beta1/projects/core-813f5 [none]
[debug] [2026-02-12T07:03:57.620Z] <<< [apiv2][status] GET https://firebase.googleapis.com/v1beta1/projects/core-813f5 200
[debug] [2026-02-12T07:03:57.621Z] <<< [apiv2][body] GET https://firebase.googleapis.com/v1beta1/projects/core-813f5 {"projectId":"core-813f5","projectNumber":"945030609295","displayName":"core","name":"projects/core-813f5","resources":{"hostingSite":"core-813f5","realtimeDatabaseInstance":"core-813f5-default-rtdb"},"state":"ACTIVE","etag":"1_bffd0724-427d-47df-ac52-6885cf91ed2c"}
[info] 
[info] Your public directory is the folder (relative to your project directory) that
[info] will contain Hosting assets to be uploaded with firebase deploy. If you
[info] have a build process for your assets, use your build's output directory.
[info] 
[info] 
[info] i  Detected a .git folder at D:\BEDA 
[info] i  Authorizing with GitHub to upload your service account to a GitHub repository's secrets store. 
[info] 
[info] Visit this URL on this device to log in:
[info] https://github.com/login/oauth/authorize?client_id=89cf50f02ac6aaed3484&state=639570155&redirect_uri=http%3A%2F%2Flocalhost%3A9005&scope=read%3Auser%20repo%20public_repo
[info] 
[info] Waiting for authentication...
[debug] [2026-02-12T07:04:04.858Z] >>> [apiv2][query] POST https://github.com/login/oauth/access_token [none]
[debug] [2026-02-12T07:04:04.858Z] >>> [apiv2][body] POST https://github.com/login/oauth/access_token [stream]
[debug] [2026-02-12T07:04:06.057Z] <<< [apiv2][status] POST https://github.com/login/oauth/access_token 200
[debug] [2026-02-12T07:04:06.058Z] <<< [apiv2][body] POST https://github.com/login/oauth/access_token {"access_token":"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","token_type":"bearer","scope":"read:user,repo"}
[debug] [2026-02-12T07:04:06.069Z] >>> [apiv2][query] GET https://api.github.com/user [none]
[debug] [2026-02-12T07:04:06.546Z] <<< [apiv2][status] GET https://api.github.com/user 200
[debug] [2026-02-12T07:04:06.546Z] <<< [apiv2][body] GET https://api.github.com/user {"login":"KyawWannaBL","id":175562295,"node_id":"U_kgDOCnbeNw","avatar_url":"https://avatars.githubusercontent.com/u/175562295?v=4","gravatar_id":"","url":"https://api.github.com/users/KyawWannaBL","html_url":"https://github.com/KyawWannaBL","followers_url":"https://api.github.com/users/KyawWannaBL/followers","following_url":"https://api.github.com/users/KyawWannaBL/following{/other_user}","gists_url":"https://api.github.com/users/KyawWannaBL/gists{/gist_id}","starred_url":"https://api.github.com/users/KyawWannaBL/starred{/owner}{/repo}","subscriptions_url":"https://api.github.com/users/KyawWannaBL/subscriptions","organizations_url":"https://api.github.com/users/KyawWannaBL/orgs","repos_url":"https://api.github.com/users/KyawWannaBL/repos","events_url":"https://api.github.com/users/KyawWannaBL/events{/privacy}","received_events_url":"https://api.github.com/users/KyawWannaBL/received_events","type":"User","user_view_type":"private","site_admin":false,"name":"Kyaw Wanna","company":"Britium Ventures","blog":"www.britiumventures.com","location":"Yangon, Myanmar","email":null,"hireable":null,"bio":"@britiumventures","twitter_username":null,"notification_email":null,"public_repos":16,"public_gists":0,"followers":0,"following":1,"created_at":"2024-07-14T19:23:00Z","updated_at":"2026-02-11T06:35:39Z","private_gists":0,"total_private_repos":4,"owned_private_repos":4,"disk_usage":472025,"collaborators":0,"two_factor_authentication":false,"plan":{"name":"free","space":976562499,"collaborators":0,"private_repos":10000}}
[info] 
[info] +  Success! Logged into GitHub as KyawWannaBL 
[info] 
